<?xml version="1.0" encoding="UTF-8"?>
<!-- Generated by org.testng.reporters.JUnitReportReporter -->
<testsuite hostname="AslamBasha" failures="0" tests="2" name="SeleniumWebdriver.Assignment.MakeMyTripTest" time="73.904" errors="0" timestamp="2023-05-11T10:26:01 IST" skipped="0">
  <testcase classname="SeleniumWebdriver.Assignment.MakeMyTripTest" name="searchFlights" time="63.184"/>
  <system-out>
    <![CDATA[Clicked on Flights Menu
One Way Trip Button Selected
From City Entered
to City Entered
To City Selected from Suggestions
Selected Today's Date
Clicked on Search Button]]>
  </system-out>
  <testcase classname="SeleniumWebdriver.Assignment.MakeMyTripTest" name="verifyLogoPresent" time="10.720"/>
  <system-out>
    <![CDATA[Make my trip Logo Successfully Verified]]>
  </system-out>
</testsuite> <!-- SeleniumWebdriver.Assignment.MakeMyTripTest -->
